Copyright 1986-2022 Xilinx, Inc. All Rights Reserved. Copyright 2022-2024 Advanced Micro Devices, Inc. All Rights Reserved.
---------------------------------------------------------------------------------------------------------------------------------------------
| Tool Version : Vivado v.2024.2 (lin64) Build 5239630 Fri Nov 08 22:34:34 MST 2024
| Date         : Thu Mar 26 04:14:36 2026
| Host         : hh-1305-07.lan.local.cmu.edu running 64-bit Red Hat Enterprise Linux release 8.10 (Ootpa)
| Command      : report_control_sets -verbose -file ChipInterface_control_sets_placed.rpt
| Design       : ChipInterface
| Device       : xc7s50
---------------------------------------------------------------------------------------------------------------------------------------------

Control Set Information

Table of Contents
-----------------
1. Summary
2. Histogram
3. Flip-Flop Distribution
4. Detailed Control Set Information

1. Summary
----------

+----------------------------------------------------------+-------+
|                          Status                          | Count |
+----------------------------------------------------------+-------+
| Total control sets                                       |    18 |
|    Minimum number of control sets                        |    18 |
|    Addition due to synthesis replication                 |     0 |
|    Addition due to physical synthesis replication        |     0 |
| Unused register locations in slices containing registers |    81 |
+----------------------------------------------------------+-------+
* Control sets can be merged at opt_design using control_set_merge or merge_equivalent_drivers
** Run report_qor_suggestions for automated merging and remapping suggestions


2. Histogram
------------

+--------------------+-------+
|       Fanout       | Count |
+--------------------+-------+
| Total control sets |    18 |
| >= 0 to < 4        |     0 |
| >= 4 to < 6        |     3 |
| >= 6 to < 8        |     0 |
| >= 8 to < 10       |     0 |
| >= 10 to < 12      |     1 |
| >= 12 to < 14      |     9 |
| >= 14 to < 16      |     1 |
| >= 16              |     4 |
+--------------------+-------+
* Control sets can be remapped at either synth_design or opt_design


3. Flip-Flop Distribution
-------------------------

+--------------+-----------------------+------------------------+-----------------+--------------+
| Clock Enable | Synchronous Set/Reset | Asynchronous Set/Reset | Total Registers | Total Slices |
+--------------+-----------------------+------------------------+-----------------+--------------+
| No           | No                    | No                     |             106 |           41 |
| No           | No                    | Yes                    |              75 |           36 |
| No           | Yes                   | No                     |              16 |            5 |
| Yes          | No                    | No                     |               0 |            0 |
| Yes          | No                    | Yes                    |             106 |           34 |
| Yes          | Yes                   | No                     |               8 |            3 |
+--------------+-----------------------+------------------------+-----------------+--------------+


4. Detailed Control Set Information
-----------------------------------

+------------------------+-----------------------------------+-----------------------------+------------------+----------------+--------------+
|      Clock Signal      |           Enable Signal           |       Set/Reset Signal      | Slice Load Count | Bel Load Count | Bels / Slice |
+------------------------+-----------------------------------+-----------------------------+------------------+----------------+--------------+
|  CLOCK_100_IBUF_BUFG   |                                   | positionsLoaded[3]_i_1_n_0  |                1 |              4 |         4.00 |
|  CLOCK_100_IBUF_BUFG   | bigDP/control/E[0]                | bigDP/fsm2/SR[0]            |                1 |              4 |         4.00 |
|  CLOCK_100_IBUF_BUFG   | bigDP/numGamesCtr/en0             | BTN_IBUF[0]                 |                2 |              4 |         2.00 |
|  clk_wiz/inst/clk_out1 | mmVGA/vgaCounter/col_counter/E[0] | sync_reset/two/reset_sync   |                4 |             10 |         2.50 |
|  clk_wiz/inst/clk_out1 | bigDP/roundCtr/Q_reg[3]_0[0]      | sync_reset/two/reset_sync   |                2 |             12 |         6.00 |
|  clk_wiz/inst/clk_out1 | bigDP/roundCtr/Q_reg[3]_2[0]      | sync_reset/two/reset_sync   |                4 |             12 |         3.00 |
|  clk_wiz/inst/clk_out1 | bigDP/roundCtr/Q_reg[3]_3[0]      | sync_reset/two/reset_sync   |                5 |             12 |         2.40 |
|  clk_wiz/inst/clk_out1 | bigDP/roundCtr/Q_reg[3]_6[0]      | sync_reset/two/reset_sync   |                3 |             12 |         4.00 |
|  clk_wiz/inst/clk_out1 | bigDP/roundCtr/Q_reg[3]_5[0]      | sync_reset/two/reset_sync   |                4 |             12 |         3.00 |
|  clk_wiz/inst/clk_out1 | bigDP/roundCtr/Q_reg[3]_4[0]      | sync_reset/two/reset_sync   |                4 |             12 |         3.00 |
|  clk_wiz/inst/clk_out1 | bigDP/roundCtr/Q_reg[2]_2[0]      | sync_reset/two/reset_sync   |                4 |             12 |         3.00 |
|  clk_wiz/inst/clk_out1 | bigDP/roundCtr/Q_reg[3]_1[0]      | sync_reset/two/reset_sync   |                4 |             12 |         3.00 |
|  CLOCK_100_IBUF_BUFG   |                                   | BTN_IBUF[0]                 |                4 |             12 |         3.00 |
|  clk_wiz/inst/clk_out1 |                                   | sync_reset/two/reset_sync   |                9 |             14 |         1.56 |
|  CLOCK_100_IBUF_BUFG   |                                   |                             |               10 |             17 |         1.70 |
|  CLOCK_100_IBUF_BUFG   |                                   | sync_reset/two/reset_sync   |                6 |             19 |         3.17 |
|  clk_wiz/inst/clk_out1 |                                   | vga_to_hdmi/inst/encr/AR[0] |               21 |             42 |         2.00 |
|  clk_wiz/inst/clk_out1 |                                   |                             |               34 |            116 |         3.41 |
+------------------------+-----------------------------------+-----------------------------+------------------+----------------+--------------+


