# Preference setting overrides
gui_create_pref_key -category {Globals} -key {load_detail_for_funcov} -value_type {bool} -value {false}

# State setting overrides
gui_state_default_create -off -ini
gui_set_state_value -category Layout -key child_console_size_x -value 1303
gui_set_state_value -category Layout -key child_console_size_y -value 307
gui_set_state_value -category Layout -key child_data_size_x -value 167
gui_set_state_value -category Layout -key child_data_size_y -value 516
gui_set_state_value -category Layout -key child_driver_size_x -value 1032
gui_set_state_value -category Layout -key child_driver_size_y -value 308
gui_set_state_value -category Layout -key child_hier_col3 -value {-1}
gui_set_state_value -category Layout -key child_hier_colpd -value 0
gui_set_state_value -category Layout -key child_hier_size_x -value 167
gui_set_state_value -category Layout -key child_hier_size_y -value 516
gui_set_state_value -category Layout -key child_source_docknewline -value false
gui_set_state_value -category Layout -key child_source_pos_x -value {-2}
gui_set_state_value -category Layout -key child_source_pos_y -value {-15}
gui_set_state_value -category Layout -key child_source_size_x -value 972
gui_set_state_value -category Layout -key child_source_size_y -value 511
gui_set_state_value -category Layout -key child_wave_colname -value 202
gui_set_state_value -category Layout -key child_wave_colvalue -value 203
gui_set_state_value -category Layout -key child_wave_left -value 409
gui_set_state_value -category Layout -key child_wave_right -value 997
gui_set_state_value -category Layout -key main_pos_x -value 49
gui_set_state_value -category Layout -key main_pos_y -value 157
gui_set_state_value -category Layout -key main_size_x -value 1352
gui_set_state_value -category Layout -key main_size_y -value 1079
gui_set_state_value -category Layout -key stand_wave_child_docknewline -value false
gui_set_state_value -category Layout -key stand_wave_child_pos_x -value {-2}
gui_set_state_value -category Layout -key stand_wave_child_pos_y -value {-15}
gui_set_state_value -category Layout -key stand_wave_child_size_x -value 1416
gui_set_state_value -category Layout -key stand_wave_child_size_y -value 698
gui_set_state_value -category Layout -key stand_wave_top_pos_x -value 353
gui_set_state_value -category Layout -key stand_wave_top_pos_y -value 163
gui_set_state_value -category Layout -key stand_wave_top_size_x -value 1764
gui_set_state_value -category Layout -key stand_wave_top_size_y -value 965
gui_create_state_key -category FindDialog -key m_pMatchCase -value_type bool -value false
gui_create_state_key -category FindDialog -key m_pMatchWord -value_type bool -value false
gui_create_state_key -category FindDialog -key m_pUseCombo -value_type string -value {}
gui_create_state_key -category FindDialog -key m_pWrapAround -value_type bool -value true
gui_create_state_key -category Widget_History -key {dlgSimSetup|m_setupTab|tab pages|SimTab|m_VPDCombo} -value_type string -value inter.vpd
gui_create_state_key -category Widget_History -key {dlgSimSetup|m_setupTab|tab pages|SimTab|m_argsCombo} -value_type string -value {{-ucligui }}
gui_create_state_key -category Widget_History -key {dlgSimSetup|m_setupTab|tab pages|SimTab|m_curDirCombo} -value_type string -value /afs/andrew.cmu.edu/usr20/fionas/private/18240/lab4
gui_create_state_key -category Widget_History -key {dlgSimSetup|m_setupTab|tab pages|SimTab|m_exeCombo} -value_type string -value {/afs/andrew.cmu.edu/usr20/fionas/private/18240/lab4/simv ./simv}
gui_state_default_create -off

# Begin command logging
gui_sim_run Ucli -exe ./simv -args {-ucligui  } -dir .
gui_list_expand -id  Hier.1   BigPictureDatapath_tb
gui_list_select -id Hier.1 -current_item_name BigPictureDatapath_tb.dut -current_item_type Scope  -selected  { BigPictureDatapath_tb.dut   }
gui_list_select -id Data.1 -selected  { BigPictureDatapath_tb.dut.clock   }
gui_list_select -id Data.1 { BigPictureDatapath_tb.dut.reset  {BigPictureDatapath_tb.dut.Guess[11:0]}  {BigPictureDatapath_tb.dut.LoadShape[2:0]}  {BigPictureDatapath_tb.dut.ShapeLocation[1:0]}  {BigPictureDatapath_tb.dut.CoinValue[1:0]}  BigPictureDatapath_tb.dut.CoinInserted  BigPictureDatapath_tb.dut.StartGame  BigPictureDatapath_tb.dut.GradeIt  BigPictureDatapath_tb.dut.LoadShapeNow  BigPictureDatapath_tb.dut.gameWon  {BigPictureDatapath_tb.dut.Znarly[3:0]}  {BigPictureDatapath_tb.dut.Zood[3:0]}  {BigPictureDatapath_tb.dut.RoundNumber[3:0]}  {BigPictureDatapath_tb.dut.NumGames[3:0]}  {BigPictureDatapath_tb.dut.masterPattern[11:0]}  BigPictureDatapath_tb.dut.shape_loading  BigPictureDatapath_tb.dut.drop_game  BigPictureDatapath_tb.dut.roundOver  BigPictureDatapath_tb.dut.clr_game  BigPictureDatapath_tb.dut.maxNumGames  BigPictureDatapath_tb.dut.finish_loading  BigPictureDatapath_tb.dut.can_start  BigPictureDatapath_tb.dut.max_rounds  BigPictureDatapath_tb.dut.znarly_win  BigPictureDatapath_tb.dut.enGrade  BigPictureDatapath_tb.dut.clrGrade  BigPictureDatapath_tb.dut.circle  BigPictureDatapath_tb.dut.triangle  BigPictureDatapath_tb.dut.pentagon  BigPictureDatapath_tb.dut.coin_drop  BigPictureDatapath_tb.dut.canStart_AeqB  BigPictureDatapath_tb.dut.canStart_AgtB   }
gui_open_window Wave
gui_list_add -id Wave.1 -from Data.1 { BigPictureDatapath_tb.dut.clock BigPictureDatapath_tb.dut.reset {BigPictureDatapath_tb.dut.Guess[11:0]} {BigPictureDatapath_tb.dut.LoadShape[2:0]} {BigPictureDatapath_tb.dut.ShapeLocation[1:0]} {BigPictureDatapath_tb.dut.CoinValue[1:0]} BigPictureDatapath_tb.dut.CoinInserted BigPictureDatapath_tb.dut.StartGame BigPictureDatapath_tb.dut.GradeIt BigPictureDatapath_tb.dut.LoadShapeNow BigPictureDatapath_tb.dut.gameWon {BigPictureDatapath_tb.dut.Znarly[3:0]} {BigPictureDatapath_tb.dut.Zood[3:0]} {BigPictureDatapath_tb.dut.RoundNumber[3:0]} {BigPictureDatapath_tb.dut.NumGames[3:0]} {BigPictureDatapath_tb.dut.masterPattern[11:0]} BigPictureDatapath_tb.dut.shape_loading BigPictureDatapath_tb.dut.drop_game BigPictureDatapath_tb.dut.roundOver BigPictureDatapath_tb.dut.clr_game BigPictureDatapath_tb.dut.maxNumGames BigPictureDatapath_tb.dut.finish_loading BigPictureDatapath_tb.dut.can_start BigPictureDatapath_tb.dut.max_rounds BigPictureDatapath_tb.dut.znarly_win BigPictureDatapath_tb.dut.enGrade BigPictureDatapath_tb.dut.clrGrade BigPictureDatapath_tb.dut.circle BigPictureDatapath_tb.dut.triangle BigPictureDatapath_tb.dut.pentagon BigPictureDatapath_tb.dut.coin_drop BigPictureDatapath_tb.dut.canStart_AeqB BigPictureDatapath_tb.dut.canStart_AgtB } -insertionbar
gui_sim_continue  
gui_marker_move -id  Wave.1 C1 185
gui_close_window -window TopLevel.2
